! Started logfile: difmap.log on Fri Sep  1 08:06:31 2023
observe NGC_1052.SPW012.fits
! Reading UV FITS file: NGC_1052.SPW012.fits
! AN table 1: 289 integrations on 946 of 946 possible baselines.
! Apparent sampling: 0.645263 visibilities/baseline/integration-bin.
! Found source: NGC_1052
! 
! There are 3 IFs, and a total of 3 channels:
! 
!  IF  Channel    Frequency  Freq offset  Number of   Overall IF
!       origin    at origin  per channel   channels    bandwidth
!  ------------------------------------------------------------- (Hz)
!  01        1  3.05704e+11   -1.875e+09          1    1.875e+09
!  02        2  3.07587e+11   -1.875e+09          1    1.875e+09
!  03        3  3.17754e+11   -1.875e+09          1    1.875e+09
! 
! Polarization(s): XX YY
! 
! Read 1 lines of history.
! 
! Reading 1058466 visibilities.
select I, 1, 3
! Selecting polarization: I,  channels: 1..3
! Reading IF 1 channels: 1..1
! Reading IF 2 channels: 2..2
! Reading IF 3 channels: 3..3
uvpl
! Using default options string ""
! Move the cursor into the plot window and press 'H' for help
vplot 10
! Using default options string "efbm3"
! For help move the cursor into the plot window and press 'H'.
projpl
! Using default options string "m3"
! Move the cursor into the plot window and press 'H' for help
mapsize 2048,0.1, 2048,0.1
! Map grid = 2048x2048 pixels with 0.100x0.100 milli-arcsec cellsize.
mappl beam
! Inverting map and beam 
! Estimated beam: bmin=11.2 mas, bmaj=17.44 mas, bpa=-7.351 degrees
! Estimated noise=0.0846425 mJy/beam.
! 
! Move the cursor into the plot window and press 'H' for help
mappl
! 
! Move the cursor into the plot window and press 'H' for help
clean -1, 1
! clean: niter=-1  gain=1  cutoff=0
! Total flux subtracted in 1 components = 0.605103 Jy
! Clean residual min=-0.005559 max=0.007912 Jy/beam
! Clean residual mean=0.000147 rms=0.001935 Jy/beam
! Combined flux in latest and established models = 0.605103 Jy
mappl
! 
! Move the cursor into the plot window and press 'H' for help
clean
! clean: niter=-1  gain=1  cutoff=0
! Total flux subtracted in 1 components = 0.00787685 Jy
! Clean residual min=-0.005024 max=0.007257 Jy/beam
! Clean residual mean=-0.000000 rms=0.001659 Jy/beam
! Combined flux in latest and established models = 0.612979 Jy
mappl
! 
! Move the cursor into the plot window and press 'H' for help
clean
! clean: niter=-1  gain=1  cutoff=0
! Total flux subtracted in 1 components = 0.00722469 Jy
! Clean residual min=-0.005122 max=0.004771 Jy/beam
! Clean residual mean=-0.000128 rms=0.001434 Jy/beam
! Combined flux in latest and established models = 0.620204 Jy
mappl
! 
! Move the cursor into the plot window and press 'H' for help
edmod
! A total of 3 model components were read from file edmod.mod
modelfit 10
! Partitioning the model into established and variable parts.
! The fixed established model contains 0 components (0 Jy).
! The variable part of the model contains 3 components (0.620205 Jy).
! There are 14 variables and 141383 usable visibilities.
! This gives 2 x 141383 - 14 = 282752 degrees of freedom.
! Reduced Chi-squared = Chi-squared / 282752.
! 
! Iteration 00: Reduced Chi-squared=42.440192  Degrees of Freedom=282752
! ! Flux (Jy) Radius (mas)  Theta (deg)  Major FWHM (mas)  Axial ratio   Phi (deg) T \
! ! Freq (Hz)     SpecIndex
!   0.605103v     0.00000      0.00000     0.100000v     1.00000     0.00000  1
! 0.00787685v     8.08084v     77.8557v    0.100000v    0.900000v    0.00000v 1
! 0.00722469v     9.36056v    -139.332v    0.100000v    0.900000v    0.00000v 1
! 
! Iteration 01: Reduced Chi-squared=42.401382  Degrees of Freedom=282752
! ! Flux (Jy) Radius (mas)  Theta (deg)  Major FWHM (mas)  Axial ratio   Phi (deg) T \
! ! Freq (Hz)     SpecIndex
!   0.604990v     0.00000      0.00000      1.21218v     1.00000     0.00000  1
! 0.00444979v     7.74682v     69.1621v     7.79500v     0.00000v   -53.2513v 1
! 0.00467364v     9.71250v    -136.568v     19.0373v     0.00000v   -38.6466v 1
! 
! Iteration 02: Reduced Chi-squared=44.312429 (Increased)
! 
! Iteration 03: Reduced Chi-squared=42.249512  Degrees of Freedom=282752
! ! Flux (Jy) Radius (mas)  Theta (deg)  Major FWHM (mas)  Axial ratio   Phi (deg) T \
! ! Freq (Hz)     SpecIndex
!   0.611221v     0.00000      0.00000     0.509928v     1.00000     0.00000  1
! 0.00127894v     10.3488v     72.7362v     11.4849v     0.00000v   -19.7484v 1
! 0.00157026v     12.2723v    -137.360v     25.2305v     0.00000v   -33.4518v 1
! 
! Iteration 04: Reduced Chi-squared=42.269808 (Increased)
! Iteration 05: Reduced Chi-squared=42.265787 (Increased)
! Iteration 06: Reduced Chi-squared=42.261060 (Increased)
! 
! Iteration 07: Reduced Chi-squared=42.245816  Degrees of Freedom=282752
! ! Flux (Jy) Radius (mas)  Theta (deg)  Major FWHM (mas)  Axial ratio   Phi (deg) T \
! ! Freq (Hz)     SpecIndex
!   0.611314v     0.00000      0.00000     0.645432v     1.00000     0.00000  1
! 0.00144097v     9.68013v     59.7239v     19.1155v     0.00000v   -12.2664v 1
! 0.00190110v     10.2210v    -149.128v     35.5124v     0.00000v   -34.2399v 1
! 
! Iteration 08: Reduced Chi-squared=42.250880 (Increased)
! 
! Iteration 09: Reduced Chi-squared=42.241176  Degrees of Freedom=282752
! ! Flux (Jy) Radius (mas)  Theta (deg)  Major FWHM (mas)  Axial ratio   Phi (deg) T \
! ! Freq (Hz)     SpecIndex
!   0.611335v     0.00000      0.00000     0.699161v     1.00000     0.00000  1
! 0.00150732v     10.2253v     57.3988v     21.4912v     0.00000v   -8.64159v 1
! 0.00199904v     11.7591v    -147.198v     39.4241v 9.29381e-09v   -31.6982v 1
! 
! Iteration 10: Reduced Chi-squared=42.239071  Degrees of Freedom=282752
! ! Flux (Jy) Radius (mas)  Theta (deg)  Major FWHM (mas)  Axial ratio   Phi (deg) T \
! ! Freq (Hz)     SpecIndex
!   0.611398v     0.00000      0.00000     0.760545v     1.00000     0.00000  1
! 0.00160504v     10.9518v     53.3263v     24.4104v 7.50499e-09v   -3.24775v 1
! 0.00211001v     12.1799v    -147.058v     44.9298v     0.00000v   -29.3919v 1
! 
! #    Flux (Jy)          East (arcsec)        North (arcsec)    Shape   R.A. (deg)       Dec (deg)  Major FWHM (arcsec) Minor FWHM (arcsec)  Theta (deg)     Freq (Hz)      Spectral Index  
! #  Value     Stdev      Value     Stdev      Value     Stdev                                          Value    Stdev     Value    Stdev     Value  Stdev                   Value     Stdev 
! #------------------  -------------------  ------------------- ------  -------------- -------------- -----------------  -----------------  ---------------  -----------  -------------------
!  6.1140e-01 9.1e-05   0.0000e+00 0.0e+00   0.0000e+00 0.0e+00  gauss   40.2699937495  -8.2557644313 7.605e-04 2.1e-05  7.605e-04 0.0e+00     0.00 0.0e+00
!  1.6050e-03 5.5e-05   8.7839e-03 1.8e-04   6.5410e-03 3.1e-04  gauss   40.2699962150  -8.2557626144 2.441e-02 6.6e-04  1.832e-10 8.8e+04    -3.25 1.4e+00
!  2.1100e-03 6.2e-05  -6.6233e-03 2.6e-04  -1.0222e-02 4.4e-04  gauss   40.2699918904  -8.2557672707 4.493e-02 8.0e-04  0.000e+00 0.0e+00   -29.39 1.1e+00
mappl
! Adding 3 model components to the UV plane model.
! The established model now contains 3 components and 0.615113 Jy
! Inverting map 
! 
! Move the cursor into the plot window and press 'H' for help
modelfit 10
! Partitioning the model into established and variable parts.
! Extracting 3 model components from the UV plane model.
! The fixed established model contains 0 components (0 Jy).
! The variable part of the model contains 3 components (0.615113 Jy).
! There are 14 variables and 141383 usable visibilities.
! This gives 2 x 141383 - 14 = 282752 degrees of freedom.
! Reduced Chi-squared = Chi-squared / 282752.
! 
! Iteration 00: Reduced Chi-squared=42.239071  Degrees of Freedom=282752
! ! Flux (Jy) Radius (mas)  Theta (deg)  Major FWHM (mas)  Axial ratio   Phi (deg) T \
! ! Freq (Hz)     SpecIndex
!   0.611398v     0.00000      0.00000     0.760545v     1.00000     0.00000  1
! 0.00160504v     10.9518v     53.3263v     24.4104v 1.06137e-08v   -3.24775v 1
! 0.00211001v     12.1799v    -147.058v     44.9298v     0.00000v   -29.3919v 1
! 
! Iteration 01: Reduced Chi-squared=42.288440 (Increased)
! Iteration 02: Reduced Chi-squared=42.264429 (Increased)
! 
! Iteration 03: Reduced Chi-squared=42.228433  Degrees of Freedom=282752
! ! Flux (Jy) Radius (mas)  Theta (deg)  Major FWHM (mas)  Axial ratio   Phi (deg) T \
! ! Freq (Hz)     SpecIndex
!   0.613549v     0.00000      0.00000      1.15664v     1.00000     0.00000  1
! 0.000682262v     17.2860v     35.8050v     25.8250v     0.00000v    14.5371v 1
! 0.000561956v     18.3294v    -166.315v     42.3313v     0.00000v   -40.6734v 1
! 
! Iteration 04: Reduced Chi-squared=42.220219  Degrees of Freedom=282752
! ! Flux (Jy) Radius (mas)  Theta (deg)  Major FWHM (mas)  Axial ratio   Phi (deg) T \
! ! Freq (Hz)     SpecIndex
!   0.613607v     0.00000      0.00000      1.37670v     1.00000     0.00000  1
! 0.00106305v     15.6943v     34.2555v     55.8478v 9.27821e-09v    35.0253v 1
! 0.000152618v     19.3826v    -47.2642v     80.1113v     0.00000v    1.25467v 1
! 
! Iteration 05: Reduced Chi-squared=42.265515 (Increased)
! Iteration 06: Reduced Chi-squared=42.239886 (Increased)
! 
! Iteration 07: Reduced Chi-squared=42.220207  Degrees of Freedom=282752
! ! Flux (Jy) Radius (mas)  Theta (deg)  Major FWHM (mas)  Axial ratio   Phi (deg) T \
! ! Freq (Hz)     SpecIndex
!   0.613655v     0.00000      0.00000      1.43252v     1.00000     0.00000  1
! 0.00136218v     13.6270v     82.7368v     64.2460v     0.00000v    28.9322v 1
! 0.000100688v     82.6092v    -20.4570v     157.608v     0.00000v   -39.2862v 1
! 
! Iteration 08: Reduced Chi-squared=42.217780  Degrees of Freedom=282752
! ! Flux (Jy) Radius (mas)  Theta (deg)  Major FWHM (mas)  Axial ratio   Phi (deg) T \
! ! Freq (Hz)     SpecIndex
!   0.613741v     0.00000      0.00000      1.47144v     1.00000     0.00000  1
! 0.00203984v     14.0535v     37.9653v     64.0172v    0.341759v    46.1859v 1
! 0.000205075v     50.3417v     53.7816v     185.228v     0.00000v   -32.3860v 1
! 
! Iteration 09: Reduced Chi-squared=42.217951 (Increased)
! 
! Iteration 10: Reduced Chi-squared=42.204771  Degrees of Freedom=282752
! ! Flux (Jy) Radius (mas)  Theta (deg)  Major FWHM (mas)  Axial ratio   Phi (deg) T \
! ! Freq (Hz)     SpecIndex
!   0.613782v     0.00000      0.00000      1.46583v     1.00000     0.00000  1
! 0.00203640v     16.8619v     67.7413v     64.0584v    0.155961v    42.7707v 1
! 7.95761e-05v     39.9114v     60.7695v     184.008v    0.199976v   -33.8109v 1
! 
! #    Flux (Jy)          East (arcsec)        North (arcsec)    Shape   R.A. (deg)       Dec (deg)  Major FWHM (arcsec) Minor FWHM (arcsec)  Theta (deg)     Freq (Hz)      Spectral Index  
! #  Value     Stdev      Value     Stdev      Value     Stdev                                          Value    Stdev     Value    Stdev     Value  Stdev                   Value     Stdev 
! #------------------  -------------------  ------------------- ------  -------------- -------------- -----------------  -----------------  ---------------  -----------  -------------------
!  6.1378e-01 4.3e-05   0.0000e+00 0.0e+00   0.0000e+00 0.0e+00  gauss   40.2699937495  -8.2557644313 1.466e-03 5.7e-06  1.466e-03 0.0e+00     0.00 0.0e+00
!  2.0364e-03 6.9e-05   1.5605e-02 6.6e-04   6.3871e-03 5.8e-04  gauss   40.2699981297  -8.2557626571 6.406e-02 1.3e-03  9.991e-03 8.3e-03    42.77 7.7e-01
!  7.9576e-05 8.5e-05   3.4829e-02 4.7e-02   1.9490e-02 6.3e-02  gauss   40.2700035256  -8.2557590175 1.840e-01 1.4e-01  3.680e-02 7.2e-01   -33.81 3.9e+01
selfcal
! Performing phase self-cal
! Adding 3 model components to the UV plane model.
! The established model now contains 3 components and 0.615898 Jy
! 
! Correcting IF 1.
!  A total of 9702 telescope corrections were flagged in sub-array 1.
! 
! Correcting IF 2.
!  A total of 9223 telescope corrections were flagged in sub-array 1.
! 
! Correcting IF 3.
!  A total of 8714 telescope corrections were flagged in sub-array 1.
! 
! Fit before self-cal, rms=0.058013Jy  sigma=6.496362
! Fit after  self-cal, rms=0.032106Jy  sigma=3.829239
uncal fal, fal, tru
! Selecting polarization: I,  channels: 1..3
! Reading IF 1 channels: 1..1
! Reading IF 2 channels: 2..2
! Reading IF 3 channels: 3..3
! uncal: All telescope correction flags have been un-done.
modelfit 10
! Partitioning the model into established and variable parts.
! The fixed established model contains 0 components (0 Jy).
! The variable part of the model contains 3 components (0.615898 Jy).
! There are 14 variables and 141383 usable visibilities.
! This gives 2 x 141383 - 14 = 282752 degrees of freedom.
! Reduced Chi-squared = Chi-squared / 282752.
! 
! Iteration 00: Reduced Chi-squared=15.046244  Degrees of Freedom=282752
! ! Flux (Jy) Radius (mas)  Theta (deg)  Major FWHM (mas)  Axial ratio   Phi (deg) T \
! ! Freq (Hz)     SpecIndex
!   0.613782v     0.00000      0.00000      1.46583v     1.00000     0.00000  1
! 0.00203640v     16.8619v     67.7413v     64.0584v    0.155961v    42.7707v 1
! 7.95761e-05v     39.9114v     60.7695v     184.008v    0.199976v   -33.8109v 1
! 
! Iteration 01: Reduced Chi-squared=14.996788  Degrees of Freedom=282752
! ! Flux (Jy) Radius (mas)  Theta (deg)  Major FWHM (mas)  Axial ratio   Phi (deg) T \
! ! Freq (Hz)     SpecIndex
!   0.616431v     0.00000      0.00000      1.53061v     1.00000     0.00000  1
! -0.000783490v     20.9861v     58.5369v     79.8825v     0.00000v    54.2790v 1
! 0.00104370v     543.737v    -42.5908v     844.359v     0.00000v    42.1253v 1
! 
! Iteration 02: Reduced Chi-squared=14.992012  Degrees of Freedom=282752
! ! Flux (Jy) Radius (mas)  Theta (deg)  Major FWHM (mas)  Axial ratio   Phi (deg) T \
! ! Freq (Hz)     SpecIndex
!   0.616560v     0.00000      0.00000      1.54063v     1.00000     0.00000  1
! -0.000558444v     15.4788v    -115.442v     82.1454v    0.461042v    52.9861v 1
! -0.000959496v     802.225v    -96.1848v     846.394v     0.00000v    43.4742v 1
! 
! Iteration 03: Reduced Chi-squared=14.991766  Degrees of Freedom=282752
! ! Flux (Jy) Radius (mas)  Theta (deg)  Major FWHM (mas)  Axial ratio   Phi (deg) T \
! ! Freq (Hz)     SpecIndex
!   0.616877v     0.00000      0.00000      1.57182v     1.00000     0.00000  1
! -0.00108110v     21.3538v    -58.6296v     178.216v     0.00000v   -22.8951v 1
! 0.000344055v     730.519v    -92.9161v     851.927v 9.73168e-09v    46.8531v 1
! 
! Iteration 04: Reduced Chi-squared=14.990183  Degrees of Freedom=282752
! ! Flux (Jy) Radius (mas)  Theta (deg)  Major FWHM (mas)  Axial ratio   Phi (deg) T \
! ! Freq (Hz)     SpecIndex
!   0.616478v     0.00000      0.00000      1.52342v     1.00000     0.00000  1
! -0.000704193v     63.5075v    -40.8973v     83.6447v     0.00000v   -37.6101v 1
! -9.44386e-05v     644.848v    -81.5902v     949.273v     0.00000v    46.4719v 1
! 
! Iteration 05: Reduced Chi-squared=15.019065 (Increased)
! Iteration 06: Reduced Chi-squared=15.014886 (Increased)
! Iteration 07: Reduced Chi-squared=15.001915 (Increased)
! Iteration 08: Reduced Chi-squared=14.993136 (Increased)
! 
! Iteration 09: Reduced Chi-squared=14.989184  Degrees of Freedom=282752
! ! Flux (Jy) Radius (mas)  Theta (deg)  Major FWHM (mas)  Axial ratio   Phi (deg) T \
! ! Freq (Hz)     SpecIndex
!   0.616536v     0.00000      0.00000      1.52301v     1.00000     0.00000  1
! -0.000440201v     39.6917v    -31.1468v     92.8005v     0.00000v   -35.6310v 1
! 0.000536217v     446.344v    -96.3752v     998.411v     0.00000v    57.4270v 1
! 
! Iteration 10: Reduced Chi-squared=14.995111 (Increased)
! #    Flux (Jy)          East (arcsec)        North (arcsec)    Shape   R.A. (deg)       Dec (deg)  Major FWHM (arcsec) Minor FWHM (arcsec)  Theta (deg)     Freq (Hz)      Spectral Index  
! #  Value     Stdev      Value     Stdev      Value     Stdev                                          Value    Stdev     Value    Stdev     Value  Stdev                   Value     Stdev 
! #------------------  -------------------  ------------------- ------  -------------- -------------- -----------------  -----------------  ---------------  -----------  -------------------
!  6.1654e-01 3.4e-05   0.0000e+00 0.0e+00   0.0000e+00 0.0e+00  gauss   40.2699937495  -8.2557644313 1.523e-03 4.9e-06  1.523e-03 0.0e+00     0.00 0.0e+00
! -4.4020e-04 5.5e-05  -2.0530e-02 3.4e-03   3.3970e-02 4.7e-03  gauss   40.2699879871  -8.2557549952 9.280e-02 7.6e-03  0.000e+00 0.0e+00   -35.63 3.4e+00
!  5.3622e-04 1.5e-04  -4.4358e-01 8.5e-02  -4.9561e-02 5.4e-02  gauss   40.2698692414  -8.2557781983 9.984e-01 1.6e-01  0.000e+00 0.0e+00    57.43 7.8e+00
mappl
! Adding 3 model components to the UV plane model.
! The established model now contains 3 components and 0.616632 Jy
! Inverting map and beam 
! Estimated beam: bmin=11.2 mas, bmaj=17.44 mas, bpa=-7.351 degrees
! Estimated noise=0.0846425 mJy/beam.
! 
! Move the cursor into the plot window and press 'H' for help
! Note that 1 components lie outside the plot.
edmod
! A total of 0 model components were read from file edmod.mod
mapl
! Inverting map 
! 
! Move the cursor into the plot window and press 'H' for help
clean -1000, 0.001
! clean: niter=-1000  gain=0.001  cutoff=0
! Component: 050  -  total flux cleaned = 0.0296408 Jy
! Component: 100  -  total flux cleaned = 0.0578352 Jy
! Component: 150  -  total flux cleaned = 0.0846539 Jy
! Component: 200  -  total flux cleaned = 0.110164 Jy
! Component: 250  -  total flux cleaned = 0.134429 Jy
! Component: 300  -  total flux cleaned = 0.157511 Jy
! Component: 350  -  total flux cleaned = 0.179466 Jy
! Component: 400  -  total flux cleaned = 0.20035 Jy
! Component: 450  -  total flux cleaned = 0.220215 Jy
! Component: 500  -  total flux cleaned = 0.23911 Jy
! Component: 550  -  total flux cleaned = 0.257084 Jy
! Component: 600  -  total flux cleaned = 0.27418 Jy
! Component: 650  -  total flux cleaned = 0.290443 Jy
! Component: 700  -  total flux cleaned = 0.305911 Jy
! Component: 750  -  total flux cleaned = 0.320626 Jy
! Component: 800  -  total flux cleaned = 0.334622 Jy
! Component: 850  -  total flux cleaned = 0.347935 Jy
! Component: 900  -  total flux cleaned = 0.360598 Jy
! Component: 950  -  total flux cleaned = 0.372644 Jy
! Component: 1000  -  total flux cleaned = 0.384102 Jy
! Total flux subtracted in 1000 components = 0.384102 Jy
! Clean residual min=-0.038557 max=0.224352 Jy/beam
! Clean residual mean=0.004197 rms=0.025420 Jy/beam
! Combined flux in latest and established models = 0.384102 Jy
mappl
! 
! Move the cursor into the plot window and press 'H' for help
clean
! clean: niter=-1000  gain=0.001  cutoff=0
! Component: 050  -  total flux cleaned = 0.0108988 Jy
! Component: 100  -  total flux cleaned = 0.0212657 Jy
! Component: 150  -  total flux cleaned = 0.0311269 Jy
! Component: 200  -  total flux cleaned = 0.0405068 Jy
! Component: 250  -  total flux cleaned = 0.0494291 Jy
! Component: 300  -  total flux cleaned = 0.057916 Jy
! Component: 350  -  total flux cleaned = 0.0659888 Jy
! Component: 400  -  total flux cleaned = 0.0736677 Jy
! Component: 450  -  total flux cleaned = 0.0809719 Jy
! Component: 500  -  total flux cleaned = 0.0879197 Jy
! Component: 550  -  total flux cleaned = 0.0945285 Jy
! Component: 600  -  total flux cleaned = 0.100815 Jy
! Component: 650  -  total flux cleaned = 0.106794 Jy
! Component: 700  -  total flux cleaned = 0.112482 Jy
! Component: 750  -  total flux cleaned = 0.117893 Jy
! Component: 800  -  total flux cleaned = 0.123039 Jy
! Component: 850  -  total flux cleaned = 0.127934 Jy
! Component: 900  -  total flux cleaned = 0.13259 Jy
! Component: 950  -  total flux cleaned = 0.137019 Jy
! Component: 1000  -  total flux cleaned = 0.141232 Jy
! Total flux subtracted in 1000 components = 0.141232 Jy
! Clean residual min=-0.014294 max=0.082493 Jy/beam
! Clean residual mean=0.001625 rms=0.009321 Jy/beam
! Combined flux in latest and established models = 0.525334 Jy
clean
! clean: niter=-1000  gain=0.001  cutoff=0
! Component: 050  -  total flux cleaned = 0.00400743 Jy
! Component: 100  -  total flux cleaned = 0.00781931 Jy
! Component: 150  -  total flux cleaned = 0.0114452 Jy
! Component: 200  -  total flux cleaned = 0.0148942 Jy
! Component: 250  -  total flux cleaned = 0.0181748 Jy
! Component: 300  -  total flux cleaned = 0.0212954 Jy
! Component: 350  -  total flux cleaned = 0.0242638 Jy
! Component: 400  -  total flux cleaned = 0.0270872 Jy
! Component: 450  -  total flux cleaned = 0.029773 Jy
! Component: 500  -  total flux cleaned = 0.0323276 Jy
! Component: 550  -  total flux cleaned = 0.0347577 Jy
! Component: 600  -  total flux cleaned = 0.0370691 Jy
! Component: 650  -  total flux cleaned = 0.0392678 Jy
! Component: 700  -  total flux cleaned = 0.0413593 Jy
! Component: 750  -  total flux cleaned = 0.0433487 Jy
! Component: 800  -  total flux cleaned = 0.045241 Jy
! Component: 850  -  total flux cleaned = 0.047041 Jy
! Component: 900  -  total flux cleaned = 0.0487532 Jy
! Component: 950  -  total flux cleaned = 0.0503819 Jy
! Component: 1000  -  total flux cleaned = 0.0519311 Jy
! Total flux subtracted in 1000 components = 0.0519311 Jy
! Clean residual min=-0.007369 max=0.030334 Jy/beam
! Clean residual mean=0.000679 rms=0.003586 Jy/beam
! Combined flux in latest and established models = 0.577265 Jy
mappl
! 
! Move the cursor into the plot window and press 'H' for help
clean
! clean: niter=-1000  gain=0.001  cutoff=0
! Component: 050  -  total flux cleaned = 0.00147361 Jy
! Component: 100  -  total flux cleaned = 0.00287533 Jy
! Component: 150  -  total flux cleaned = 0.00420866 Jy
! Component: 200  -  total flux cleaned = 0.00547695 Jy
! Component: 250  -  total flux cleaned = 0.00668336 Jy
! Component: 300  -  total flux cleaned = 0.00783092 Jy
! Component: 350  -  total flux cleaned = 0.00892249 Jy
! Component: 400  -  total flux cleaned = 0.0099608 Jy
! Component: 450  -  total flux cleaned = 0.0109485 Jy
! Component: 500  -  total flux cleaned = 0.0118879 Jy
! Component: 550  -  total flux cleaned = 0.0127816 Jy
! Component: 600  -  total flux cleaned = 0.0136316 Jy
! Component: 650  -  total flux cleaned = 0.0144402 Jy
! Component: 700  -  total flux cleaned = 0.0152093 Jy
! Component: 750  -  total flux cleaned = 0.0159409 Jy
! Component: 800  -  total flux cleaned = 0.0166369 Jy
! Component: 850  -  total flux cleaned = 0.0172988 Jy
! Component: 900  -  total flux cleaned = 0.0179285 Jy
! Component: 950  -  total flux cleaned = 0.0185274 Jy
! Component: 1000  -  total flux cleaned = 0.0190972 Jy
! Total flux subtracted in 1000 components = 0.0190972 Jy
! Clean residual min=-0.005131 max=0.011157 Jy/beam
! Clean residual mean=0.000332 rms=0.001853 Jy/beam
! Combined flux in latest and established models = 0.596362 Jy
clean
! clean: niter=-1000  gain=0.001  cutoff=0
! Component: 050  -  total flux cleaned = 0.000542378 Jy
! Component: 100  -  total flux cleaned = 0.00106189 Jy
! Component: 150  -  total flux cleaned = 0.00156261 Jy
! Component: 200  -  total flux cleaned = 0.00204708 Jy
! Component: 250  -  total flux cleaned = 0.00251701 Jy
! Component: 300  -  total flux cleaned = 0.00297362 Jy
! Component: 350  -  total flux cleaned = 0.00341786 Jy
! Component: 400  -  total flux cleaned = 0.0038505 Jy
! Component: 450  -  total flux cleaned = 0.00427211 Jy
! Component: 500  -  total flux cleaned = 0.00468324 Jy
! Component: 550  -  total flux cleaned = 0.00508433 Jy
! Component: 600  -  total flux cleaned = 0.00547576 Jy
! Component: 650  -  total flux cleaned = 0.00585791 Jy
! Component: 700  -  total flux cleaned = 0.00623108 Jy
! Component: 750  -  total flux cleaned = 0.00659554 Jy
! Component: 800  -  total flux cleaned = 0.00695158 Jy
! Component: 850  -  total flux cleaned = 0.00729946 Jy
! Component: 900  -  total flux cleaned = 0.0076394 Jy
! Component: 950  -  total flux cleaned = 0.00797161 Jy
! Component: 1000  -  total flux cleaned = 0.0082963 Jy
! Total flux subtracted in 1000 components = 0.0082963 Jy
! Clean residual min=-0.004022 max=0.006447 Jy/beam
! Clean residual mean=0.000178 rms=0.001338 Jy/beam
! Combined flux in latest and established models = 0.604658 Jy
mappl
! 
! Move the cursor into the plot window and press 'H' for help
clean
! clean: niter=-1000  gain=0.001  cutoff=0
! Component: 050  -  total flux cleaned = 0.000317401 Jy
! Component: 100  -  total flux cleaned = 0.000627694 Jy
! Component: 150  -  total flux cleaned = 0.000931039 Jy
! Component: 200  -  total flux cleaned = 0.00122761 Jy
! Component: 250  -  total flux cleaned = 0.00151758 Jy
! Component: 300  -  total flux cleaned = 0.00180112 Jy
! Component: 350  -  total flux cleaned = 0.00207837 Jy
! Component: 400  -  total flux cleaned = 0.00234951 Jy
! Component: 450  -  total flux cleaned = 0.00261467 Jy
! Component: 500  -  total flux cleaned = 0.00287398 Jy
! Component: 550  -  total flux cleaned = 0.00312759 Jy
! Component: 600  -  total flux cleaned = 0.00337563 Jy
! Component: 650  -  total flux cleaned = 0.00361823 Jy
! Component: 700  -  total flux cleaned = 0.0038555 Jy
! Component: 750  -  total flux cleaned = 0.00408759 Jy
! Component: 800  -  total flux cleaned = 0.0043146 Jy
! Component: 850  -  total flux cleaned = 0.00453665 Jy
! Component: 900  -  total flux cleaned = 0.00475385 Jy
! Component: 950  -  total flux cleaned = 0.00496631 Jy
! Component: 1000  -  total flux cleaned = 0.00517413 Jy
! Total flux subtracted in 1000 components = 0.00517413 Jy
! Clean residual min=-0.003334 max=0.004128 Jy/beam
! Clean residual mean=0.000082 rms=0.001054 Jy/beam
! Combined flux in latest and established models = 0.609833 Jy
clean
! clean: niter=-1000  gain=0.001  cutoff=0
! Component: 050  -  total flux cleaned = 0.000203287 Jy
! Component: 100  -  total flux cleaned = 0.00040214 Jy
! Component: 150  -  total flux cleaned = 0.000596662 Jy
! Component: 200  -  total flux cleaned = 0.000786961 Jy
! Component: 250  -  total flux cleaned = 0.000973131 Jy
! Component: 300  -  total flux cleaned = 0.00115526 Jy
! Component: 350  -  total flux cleaned = 0.00133344 Jy
! Component: 400  -  total flux cleaned = 0.00150776 Jy
! Component: 450  -  total flux cleaned = 0.0016783 Jy
! Component: 500  -  total flux cleaned = 0.00184514 Jy
! Component: 550  -  total flux cleaned = 0.00200837 Jy
! Component: 600  -  total flux cleaned = 0.00216807 Jy
! Component: 650  -  total flux cleaned = 0.00232431 Jy
! Component: 700  -  total flux cleaned = 0.00247717 Jy
! Component: 750  -  total flux cleaned = 0.00262673 Jy
! Component: 800  -  total flux cleaned = 0.00277304 Jy
! Component: 850  -  total flux cleaned = 0.0029162 Jy
! Component: 900  -  total flux cleaned = 0.00305625 Jy
! Component: 950  -  total flux cleaned = 0.00319328 Jy
! Component: 1000  -  total flux cleaned = 0.00332735 Jy
! Total flux subtracted in 1000 components = 0.00332735 Jy
! Clean residual min=-0.002906 max=0.002884 Jy/beam
! Clean residual mean=0.000020 rms=0.000905 Jy/beam
! Combined flux in latest and established models = 0.61316 Jy
mappl
! 
! Move the cursor into the plot window and press 'H' for help
clean
! clean: niter=-1000  gain=0.001  cutoff=0
! Component: 050  -  total flux cleaned = 0.00013117 Jy
! Component: 100  -  total flux cleaned = 0.000259505 Jy
! Component: 150  -  total flux cleaned = 0.000385068 Jy
! Component: 200  -  total flux cleaned = 0.00050792 Jy
! Component: 250  -  total flux cleaned = 0.00062812 Jy
! Component: 300  -  total flux cleaned = 0.000745726 Jy
! Component: 350  -  total flux cleaned = 0.000860795 Jy
! Component: 400  -  total flux cleaned = 0.000973386 Jy
! Component: 450  -  total flux cleaned = 0.00108355 Jy
! Component: 500  -  total flux cleaned = 0.00119135 Jy
! Component: 550  -  total flux cleaned = 0.00129682 Jy
! Component: 600  -  total flux cleaned = 0.00140002 Jy
! Component: 650  -  total flux cleaned = 0.00150099 Jy
! Component: 700  -  total flux cleaned = 0.0015998 Jy
! Clean halted at first negative component
! Total flux subtracted in 702 components = 0.0016037 Jy
! Clean residual min=-0.002775 max=0.002753 Jy/beam
! Clean residual mean=-0.000010 rms=0.000848 Jy/beam
! Combined flux in latest and established models = 0.614764 Jy
mappl
! 
! Move the cursor into the plot window and press 'H' for help
selfcal
! Performing phase self-cal
! Adding 108 model components to the UV plane model.
! The established model now contains 108 components and 0.614763 Jy
! 
! Correcting IF 1.
!  A total of 9702 telescope corrections were flagged in sub-array 1.
! 
! Correcting IF 2.
!  A total of 9223 telescope corrections were flagged in sub-array 1.
! 
! Correcting IF 3.
!  A total of 8714 telescope corrections were flagged in sub-array 1.
! 
! Fit before self-cal, rms=0.032885Jy  sigma=3.875741
! Fit after  self-cal, rms=0.032078Jy  sigma=3.826640
uncal fal, fal, tru
! Selecting polarization: I,  channels: 1..3
! Reading IF 1 channels: 1..1
! Reading IF 2 channels: 2..2
! Reading IF 3 channels: 3..3
! uncal: All telescope correction flags have been un-done.
mappl
! Adding 108 model components to the UV plane model.
! The established model now contains 108 components and 0.614763 Jy
! Inverting map and beam 
! Estimated beam: bmin=11.2 mas, bmaj=17.44 mas, bpa=-7.351 degrees
! Estimated noise=0.0846425 mJy/beam.
! 
! Move the cursor into the plot window and press 'H' for help
vplot 10
! Using default options string "efbm3"
! For help move the cursor into the plot window and press 'H'.
radpl
! Using default options string "m1"
! Move the cursor into the plot window and press 'H' for help
gscale
! Performing overall amplitude self-cal
! 
! Correcting IF 1.
!  A total of 9708 telescope corrections were flagged in sub-array 1.
!  Amplitude normalization factor in sub-array 1: 1.00765
!  Telescope amplitude corrections in sub-array 1:
!   DA41      0.99     DA42      0.99     DA43      0.99     DA44      0.99     
!   DA45      0.99     DA47      0.99     DA49      0.99     DA50      0.99     
!   DA51      0.99     DA52      0.99     DA53      0.99     DA54      1.00*    
!   DA55      0.98     DA56      0.99     DA57      0.99     DA58      1.00*    
!   DA60      0.99     DA61      1.00*    DA62      0.99     DA63      0.99     
!   DA64      0.99     DA65      0.99     DV01      0.99     DV02      0.99     
!   DV03      0.99     DV04      0.98     DV05      0.99     DV06      0.99     
!   DV07      0.98     DV09      0.99     DV10      0.99     DV12      0.99     
!   DV13      0.99     DV14      0.99     DV15      0.99     DV16      0.99     
!   DV17      0.99     DV18      0.99     DV20      0.99     DV21      0.99     
!   DV22      0.99     DV23      0.99     DV24      0.99     DV25      0.99     
! 
! 
! Correcting IF 2.
!  A total of 9238 telescope corrections were flagged in sub-array 1.
!  Amplitude normalization factor in sub-array 1: 1.00615
!  Telescope amplitude corrections in sub-array 1:
!   DA41      0.99     DA42      1.00     DA43      0.99     DA44      0.99     
!   DA45      1.00     DA47      1.00     DA49      0.99     DA50      0.99     
!   DA51      1.00     DA52      0.99     DA53      0.99     DA54      1.00*    
!   DA55      0.98     DA56      0.99     DA57      1.00     DA58      1.00*    
!   DA60      1.00     DA61      1.00*    DA62      0.99     DA63      0.99     
!   DA64      1.00     DA65      0.99     DV01      1.00     DV02      0.99     
!   DV03      0.99     DV04      0.98     DV05      0.99     DV06      0.99     
!   DV07      0.98     DV09      0.99     DV10      1.00     DV12      1.00     
!   DV13      1.00     DV14      0.99     DV15      1.00     DV16      1.00     
!   DV17      1.00     DV18      0.99     DV20      0.99     DV21      0.99     
!   DV22      0.99     DV23      0.99     DV24      1.00     DV25      1.00     
! 
! 
! Correcting IF 3.
!  A total of 8726 telescope corrections were flagged in sub-array 1.
!  Amplitude normalization factor in sub-array 1: 0.990363
!  Telescope amplitude corrections in sub-array 1:
!   DA41      1.01     DA42      1.01     DA43      1.01     DA44      1.01     
!   DA45      1.01     DA47      1.01     DA49      1.01     DA50      1.01     
!   DA51      1.01     DA52      1.01     DA53      1.01     DA54      1.00*    
!   DA55      0.99     DA56      1.01     DA57      1.01     DA58      1.00*    
!   DA60      1.01     DA61      1.00*    DA62      1.01     DA63      1.01     
!   DA64      1.01     DA65      1.01     DV01      1.01     DV02      1.01     
!   DV03      1.01     DV04      1.01     DV05      1.01     DV06      1.01     
!   DV07      1.00     DV09      1.01     DV10      1.01     DV12      1.01     
!   DV13      1.01     DV14      1.01     DV15      1.01     DV16      1.01     
!   DV17      1.01     DV18      1.01     DV20      1.00     DV21      1.01     
!   DV22      1.01     DV23      1.01     DV24      1.01     DV25      1.01     
! 
! 
! Fit before self-cal, rms=0.032874Jy  sigma=3.875396
! Fit after  self-cal, rms=0.031742Jy  sigma=3.783775
uncal fal, fal, tru
! Selecting polarization: I,  channels: 1..3
! Reading IF 1 channels: 1..1
! Reading IF 2 channels: 2..2
! Reading IF 3 channels: 3..3
! uncal: All telescope correction flags have been un-done.
projpl
! Adding 108 model components to the UV plane model.
! The established model now contains 108 components and 0.614763 Jy
! Using default options string "m3"
! Move the cursor into the plot window and press 'H' for help
uvpl
! Using default options string ""
! Move the cursor into the plot window and press 'H' for help
mappl
! Inverting map and beam 
! Estimated beam: bmin=11.2 mas, bmaj=17.44 mas, bpa=-7.351 degrees
! Estimated noise=0.0834382 mJy/beam.
! 
! Move the cursor into the plot window and press 'H' for help
edmod
! A total of 108 model components were read from file edmod.mod
mappl
! Adding 108 model components to the UV plane model.
! The established model now contains 108 components and 0.53939 Jy
! Inverting map 
! 
! Move the cursor into the plot window and press 'H' for help
clean -1000,0.001
! clean: niter=-1000  gain=0.001  cutoff=0
! Component: 050  -  total flux cleaned = 0.0035524 Jy
! Component: 100  -  total flux cleaned = 0.00693146 Jy
! Component: 150  -  total flux cleaned = 0.0101456 Jy
! Component: 200  -  total flux cleaned = 0.013203 Jy
! Component: 250  -  total flux cleaned = 0.0161112 Jy
! Component: 300  -  total flux cleaned = 0.0188774 Jy
! Component: 350  -  total flux cleaned = 0.0215087 Jy
! Component: 400  -  total flux cleaned = 0.0240116 Jy
! Component: 450  -  total flux cleaned = 0.0263924 Jy
! Component: 500  -  total flux cleaned = 0.028657 Jy
! Component: 550  -  total flux cleaned = 0.0308111 Jy
! Component: 600  -  total flux cleaned = 0.0328601 Jy
! Component: 650  -  total flux cleaned = 0.0348091 Jy
! Component: 700  -  total flux cleaned = 0.036663 Jy
! Component: 750  -  total flux cleaned = 0.0384264 Jy
! Component: 800  -  total flux cleaned = 0.0401038 Jy
! Component: 850  -  total flux cleaned = 0.0416994 Jy
! Component: 900  -  total flux cleaned = 0.0432171 Jy
! Component: 950  -  total flux cleaned = 0.0446607 Jy
! Component: 1000  -  total flux cleaned = 0.0460339 Jy
! Total flux subtracted in 1000 components = 0.0460339 Jy
! Clean residual min=-0.006007 max=0.026888 Jy/beam
! Clean residual mean=0.000570 rms=0.003111 Jy/beam
! Combined flux in latest and established models = 0.585424 Jy
clean -1000,0.001
! clean: niter=-1000  gain=0.001  cutoff=0
! Component: 050  -  total flux cleaned = 0.00130621 Jy
! Component: 100  -  total flux cleaned = 0.00254869 Jy
! Component: 150  -  total flux cleaned = 0.00373056 Jy
! Component: 200  -  total flux cleaned = 0.00485476 Jy
! Component: 250  -  total flux cleaned = 0.00592411 Jy
! Component: 300  -  total flux cleaned = 0.00694129 Jy
! Component: 350  -  total flux cleaned = 0.00790884 Jy
! Component: 400  -  total flux cleaned = 0.00882919 Jy
! Component: 450  -  total flux cleaned = 0.00970464 Jy
! Component: 500  -  total flux cleaned = 0.0105374 Jy
! Component: 550  -  total flux cleaned = 0.0113295 Jy
! Component: 600  -  total flux cleaned = 0.0120829 Jy
! Component: 650  -  total flux cleaned = 0.0127996 Jy
! Component: 700  -  total flux cleaned = 0.0134814 Jy
! Component: 750  -  total flux cleaned = 0.0141298 Jy
! Component: 800  -  total flux cleaned = 0.0147467 Jy
! Component: 850  -  total flux cleaned = 0.0153334 Jy
! Component: 900  -  total flux cleaned = 0.0158915 Jy
! Component: 950  -  total flux cleaned = 0.0164224 Jy
! Component: 1000  -  total flux cleaned = 0.0169274 Jy
! Total flux subtracted in 1000 components = 0.0169274 Jy
! Clean residual min=-0.004003 max=0.009888 Jy/beam
! Clean residual mean=0.000262 rms=0.001446 Jy/beam
! Combined flux in latest and established models = 0.602352 Jy
mappl
! 
! Move the cursor into the plot window and press 'H' for help
clean -1000,0.01
! clean: niter=-1000  gain=0.01  cutoff=0
! Component: 050  -  total flux cleaned = 0.00390402 Jy
! Component: 100  -  total flux cleaned = 0.00662072 Jy
! Component: 150  -  total flux cleaned = 0.00874783 Jy
! Component: 200  -  total flux cleaned = 0.0104408 Jy
! Component: 250  -  total flux cleaned = 0.0117947 Jy
! Component: 300  -  total flux cleaned = 0.0128797 Jy
! Component: 350  -  total flux cleaned = 0.0137504 Jy
! Clean halted at first negative component
! Total flux subtracted in 353 components = 0.0137968 Jy
! Clean residual min=-0.002241 max=0.002201 Jy/beam
! Clean residual mean=0.000007 rms=0.000696 Jy/beam
! Combined flux in latest and established models = 0.616148 Jy
mappl
! 
! Move the cursor into the plot window and press 'H' for help
selfcal tru, tru, 1
! Performing amp+phase self-cal over 1 minute time intervals
! Adding 86 model components to the UV plane model.
! The established model now contains 193 components and 0.616148 Jy
! 
! Correcting IF 1.
!  A total of 9708 telescope corrections were flagged in sub-array 1.
! 
! Correcting IF 2.
!  A total of 9238 telescope corrections were flagged in sub-array 1.
! 
! Correcting IF 3.
!  A total of 8726 telescope corrections were flagged in sub-array 1.
! 
! Fit before self-cal, rms=0.032487Jy  sigma=3.829197
! Fit after  self-cal, rms=0.030470Jy  sigma=3.572755
corpl
! Move the cursor into the plot window and press 'H' for help
uvpl
! Using default options string ""
! Move the cursor into the plot window and press 'H' for help
mappl
! Inverting map and beam 
! Estimated beam: bmin=11.2 mas, bmaj=17.44 mas, bpa=-7.392 degrees
! Estimated noise=0.085153 mJy/beam.
! 
! Move the cursor into the plot window and press 'H' for help
uncal fal, fal, tru
! Selecting polarization: I,  channels: 1..3
! Reading IF 1 channels: 1..1
! Reading IF 2 channels: 2..2
! Reading IF 3 channels: 3..3
! uncal: All telescope correction flags have been un-done.
mappl
! Adding 193 model components to the UV plane model.
! The established model now contains 193 components and 0.616148 Jy
! Inverting map 
! 
! Move the cursor into the plot window and press 'H' for help
edmod
! A total of 193 model components were read from file edmod.mod
mappl
! Adding 151 model components to the UV plane model.
! The established model now contains 151 components and 0.611048 Jy
! Inverting map 
! 
! Move the cursor into the plot window and press 'H' for help
clean
! clean: niter=-1000  gain=0.01  cutoff=0
! Component: 050  -  total flux cleaned = 0.00162548 Jy
! Component: 100  -  total flux cleaned = 0.00292581 Jy
! Component: 150  -  total flux cleaned = 0.00397014 Jy
! Component: 200  -  total flux cleaned = 0.00481025 Jy
! Clean halted at first negative component
! Total flux subtracted in 218 components = 0.0050708 Jy
! Clean residual min=-0.002405 max=0.001981 Jy/beam
! Clean residual mean=0.000017 rms=0.000632 Jy/beam
! Combined flux in latest and established models = 0.616118 Jy
mappl
! 
! Move the cursor into the plot window and press 'H' for help
mappl cln
! restore: Substituting estimate of restoring beam from last 'invert'.
! Restoring with beam: 11.2 x 17.44 at -7.392 degrees (North through East)
! Clean map  min=-0.0016265  max=0.59956 Jy/beam
! Clean map  min=-0.0015945  max=0.60211 Jy/beam
! 
! Move the cursor into the plot window and press 'H' for help
help restore
restore 2,2,0
! Adding 25 model components to the UV plane model.
! The established model now contains 176 components and 0.616118 Jy
! Inverting map 
! Restoring with beam: 2 x 2 at 0 degrees (North through East)
! Clean map  min=-0.0024046  max=0.58292 Jy/beam
mappl cln
! 
! Move the cursor into the plot window and press 'H' for help
loglevs 0.32525904069169011185, 100, 2
! The new contour levels are:
!  -0.325259 0.325259 0.650518 1.30104 2.60207 5.20414 10.4083 20.8166 41.6332 83.2663
mappl cln
! 
! Move the cursor into the plot window and press 'H' for help
restore 1.5,1.5,0
! Inverting map 
! Restoring with beam: 1.5 x 1.5 at 0 degrees (North through East)
! Clean map  min=-0.0024046  max=0.58235 Jy/beam
mappl cln
! 
! Move the cursor into the plot window and press 'H' for help
mappl
! Inverting map 
! 
! Move the cursor into the plot window and press 'H' for help
clean
! clean: niter=-1000  gain=0.01  cutoff=0
! Component: 050  -  total flux cleaned = 0.000625895 Jy
! Component: 100  -  total flux cleaned = 0.00113023 Jy
! Component: 150  -  total flux cleaned = 0.00153673 Jy
! Component: 200  -  total flux cleaned = 0.00186453 Jy
! Component: 250  -  total flux cleaned = 0.00212934 Jy
! Component: 300  -  total flux cleaned = 0.00234386 Jy
! Clean halted at first negative component
! Total flux subtracted in 314 components = 0.00239638 Jy
! Clean residual min=-0.002114 max=0.001743 Jy/beam
! Clean residual mean=-0.000027 rms=0.000572 Jy/beam
! Combined flux in latest and established models = 0.618515 Jy
loglevs 0.27743870399262750297, 100, 2
! The new contour levels are:
!  -0.277439 0.277439 0.554877 1.10975 2.21951 4.43902 8.87804 17.7561 35.5122 71.0243
mappl cln
! Restoring with beam: 1.5 x 1.5 at 0 degrees (North through East)
! Clean map  min=-0.0021132  max=0.58143 Jy/beam
! Clean map  min=-0.0021132  max=0.58143 Jy/beam
! 
! Move the cursor into the plot window and press 'H' for help
help difmap
help xyrange
x
! Syntax error in line:
! x
! ^
! Missing '=' in variable assignment
! 
xyrange -15, 15, 15, -15
! The mapplot display area will be limited to:
!  Relative  RA: -15 -> 15 (milli-arcsec)
!  Relative DEC: 15 -> -15 (milli-arcsec)
mappl cln
! 
! Move the cursor into the plot window and press 'H' for help
save X109d26e.NGC_1052.SPW012.difmap
! Writing UV FITS file: X109d26e.NGC_1052.SPW012.difmap.uvf
! Writing 203 model components to file: X109d26e.NGC_1052.SPW012.difmap.mod
! Adding 27 model components to the UV plane model.
! The established model now contains 201 components and 0.618515 Jy
! Inverting map 
! Restoring with beam: 1.5 x 1.5 at 0 degrees (North through East)
! Clean map  min=-0.0021136  max=0.58143 Jy/beam
! Writing clean map to FITS file: X109d26e.NGC_1052.SPW012.difmap.fits
! Writing difmap environment to: X109d26e.NGC_1052.SPW012.difmap.par
device /vps
! Attempting to open device: '/vps'
mappl cln
device /null
! Attempting to open device: '/null'
wmap X109d26e.NGC_1052.SPW012.difmap.image.fits
! Writing clean map to FITS file: X109d26e.NGC_1052.SPW012.difmap.image.fits
quit
! Quitting program
! Log file difmap.log closed on Fri Sep  1 09:47:02 2023
